<?xml version="1.0" encoding="UTF-8"?>
<testng-results ignored="0" total="1" passed="1" failed="0" skipped="0">
  <reporter-output>
  </reporter-output>
  <suite started-at="2020-01-06T22:31:39 IST" name="Default suite" finished-at="2020-01-06T22:32:01 IST" duration-ms="21883">
    <groups>
    </groups>
    <test started-at="2020-01-06T22:31:39 IST" name="Default test" finished-at="2020-01-06T22:32:01 IST" duration-ms="21883">
      <class name="ScratchProject.HomePage">
        <test-method is-config="true" signature="LaunchBrowser()[pri:0, instance:ScratchProject.HomePage@3901d134]" started-at="2020-01-06T22:31:39 IST" name="LaunchBrowser" finished-at="2020-01-06T22:31:46 IST" duration-ms="7243" status="PASS">
          <reporter-output>
          </reporter-output>
        </test-method> <!-- LaunchBrowser -->
        <test-method signature="HomePageAction()[pri:0, instance:ScratchProject.HomePage@3901d134]" started-at="2020-01-06T22:31:46 IST" name="HomePageAction" finished-at="2020-01-06T22:32:01 IST" duration-ms="14535" status="PASS">
          <reporter-output>
          </reporter-output>
        </test-method> <!-- HomePageAction -->
      </class> <!-- ScratchProject.HomePage -->
    </test> <!-- Default test -->
  </suite> <!-- Default suite -->
</testng-results>
